#
# A fatal error has been detected by the Java Runtime Environment:
#
#  SIGBUS (0x7) at pc=0xb69cbb43, pid=29025, tid=2390604656
#
# JRE version: 6.0_22-b04
# Java VM: Java HotSpot(TM) Server VM (17.1-b03 mixed mode linux-x86 )
# Problematic frame:
# C  [libzip.so+0xbb43]
#
# If you would like to submit a bug report, please visit:
#   http://java.sun.com/webapps/bugreport/crash.jsp
# The crash happened outside the Java Virtual Machine in native code.
# See problematic frame for where to report the bug.
#

---------------  T H R E A D  ---------------

Current thread (0x8e0dcc00):  JavaThread "Timer-1" daemon [_thread_in_native, id=29066, stack(0x8e78b000,0x8e7dc000)]

siginfo:si_signo=SIGBUS: si_errno=0, si_code=2 (BUS_ADRERR), si_addr=0x8ec1d0be

Registers:
EAX=0x08916828, EBX=0xb69d06bc, ECX=0x8ec0b000, EDX=0x0010f000
ESP=0x8e7d99f0, EBP=0x8e7d9a18, ESI=0x8ec1d0a1, EDI=0x8ef706a0
EIP=0xb69cbb43, CR2=0x8ec1d0be, EFLAGS=0x00210282

Top of Stack: (sp=0x8e7d99f0)
0x8e7d99f0:   00000030 086da2f0 086da2f8 086da6e4
0x8e7d9a00:   089168f0 b69d06bc b69cbafb b69d06bc
0x8e7d9a10:   08913998 00000000 8e7d9a48 b69cbefb
0x8e7d9a20:   08916828 08913998 00000000 8e3dffc8
0x8e7d9a30:   8e7d9c54 017d9e0c 2bfa42a7 b69d06bc
0x8e7d9a40:   8e7d9a90 8e0dcd18 8e7d9eb8 b69c30e9
0x8e7d9a50:   08916828 8e7d9a90 00000010 00000010
0x8e7d9a60:   8e7d9a90 8f1066d8 8fec0df0 adfc0ef8 

Instructions: (pc=0xb69cbb43)
0xb69cbb33:   8b 70 04 8b 45 08 8b 48 10 8b 50 1c 01 ce 29 d6
0xb69cbb43:   0f b6 46 1d 0f b6 56 1c c1 e0 08 09 c2 89 55 f0 

Stack: [0x8e78b000,0x8e7dc000],  sp=0x8e7d99f0,  free space=13a8e7d9370k
Native frames: (J=compiled Java code, j=interpreted, Vv=VM code, C=native code)
C  [libzip.so+0xbb43]
C  [libzip.so+0xbefb]  ZIP_GetEntry+0x10b
C  [libzip.so+0x30e9]  Java_java_util_zip_ZipFile_getEntry+0xc9
J  java.util.zip.ZipFile.getEntry(JLjava/lang/String;Z)J

Java frames: (J=compiled Java code, j=interpreted, Vv=VM code)
J  java.util.zip.ZipFile.getEntry(JLjava/lang/String;Z)J
J  java.util.jar.JarFile.getEntry(Ljava/lang/String;)Ljava/util/zip/ZipEntry;
j  sun.net.www.protocol.jar.URLJarFile.getEntry(Ljava/lang/String;)Ljava/util/zip/ZipEntry;+2
j  sun.net.www.protocol.jar.JarURLConnection.connect()V+62
j  sun.net.www.protocol.jar.JarURLConnection.getInputStream()Ljava/io/InputStream;+1
j  java.net.URL.openStream()Ljava/io/InputStream;+4
j  org.apache.log4j.PropertyConfigurator.doConfigure(Ljava/net/URL;Lorg/apache/log4j/spi/LoggerRepository;)V+32
j  org.apache.log4j.helpers.OptionConverter.selectAndConfigure(Ljava/net/URL;Ljava/lang/String;Lorg/apache/log4j/spi/LoggerRepository;)V+129
j  org.apache.log4j.LogManager.<clinit>()V+156
v  ~StubRoutines::call_stub
j  org.slf4j.impl.Log4jLoggerFactory.getLogger(Ljava/lang/String;)Lorg/slf4j/Logger;+42
j  org.slf4j.LoggerFactory.getLogger(Ljava/lang/String;)Lorg/slf4j/Logger;+20
j  org.apache.commons.logging.impl.SLF4JLogFactory.getInstance(Ljava/lang/String;)Lorg/apache/commons/logging/Log;+25
j  org.apache.commons.logging.impl.SLF4JLogFactory.getInstance(Ljava/lang/Class;)Lorg/apache/commons/logging/Log;+5
j  org.apache.commons.logging.LogFactory.getLog(Ljava/lang/Class;)Lorg/apache/commons/logging/Log;+4
j  org.springframework.web.context.ContextLoader.<clinit>()V+93
v  ~StubRoutines::call_stub
j  org.springframework.web.context.ContextLoaderListener.createContextLoader()Lorg/springframework/web/context/ContextLoader;+0
j  org.springframework.web.context.ContextLoaderListener.contextInitialized(Ljavax/servlet/ServletContextEvent;)V+2
j  org.mortbay.jetty.handler.ContextHandler.startContext()V+62
j  org.mortbay.jetty.servlet.Context.startContext()V+1
j  org.mortbay.jetty.webapp.WebAppContext.startContext()V+123
j  org.mortbay.jetty.handler.ContextHandler.doStart()V+140
j  org.mortbay.jetty.webapp.WebAppContext.doStart()V+217
j  org.mortbay.jetty.plugin.Jetty6PluginWebAppContext.doStart()V+6
j  org.mortbay.component.AbstractLifeCycle.start()V+31
j  org.mortbay.jetty.plugin.AbstractJettyRunMojo.restartWebApp(Z)V+186
j  org.mortbay.jetty.plugin.AbstractJettyRunMojo$1.filesChanged(Ljava/util/List;)V+25
j  org.mortbay.util.Scanner.reportBulkChanges(Ljava/util/List;)V+38
j  org.mortbay.util.Scanner.reportDifferences(Ljava/util/Map;Ljava/util/Map;)V+345
j  org.mortbay.util.Scanner.scan()V+13
j  org.mortbay.util.Scanner$1.run()V+4
j  java.util.TimerThread.mainLoop()V+221
j  java.util.TimerThread.run()V+1
v  ~StubRoutines::call_stub

---------------  P R O C E S S  ---------------

Java Threads: ( => current thread )
  0x8e59b400 JavaThread "Timer-5" daemon [_thread_blocked, id=31910, stack(0x8ecaf000,0x8ed00000)]
=>0x8e0dcc00 JavaThread "Timer-1" daemon [_thread_in_native, id=29066, stack(0x8e78b000,0x8e7dc000)]
  0x0898d400 JavaThread "4968819@qtp-2153655-1 - Acceptor0 SelectChannelConnector@0.0.0.0:8080" [_thread_in_native, id=29057, stack(0x8ec5e000,0x8ecaf000)]
  0x0898cc00 JavaThread "5039143@qtp-2153655-0" [_thread_blocked, id=29056, stack(0x8ee0d000,0x8ee5e000)]
  0x08abb000 JavaThread "pool-1-thread-5" [_thread_blocked, id=29046, stack(0x8ee5e000,0x8eeaf000)]
  0x08a58c00 JavaThread "pool-1-thread-4" [_thread_blocked, id=29045, stack(0x8f00d000,0x8f05e000)]
  0x08a5bc00 JavaThread "pool-1-thread-3" [_thread_blocked, id=29044, stack(0x8eeaf000,0x8ef00000)]
  0x8f113c00 JavaThread "pool-1-thread-2" [_thread_blocked, id=29043, stack(0x8f05e000,0x8f0af000)]
  0x8f3b2000 JavaThread "pool-1-thread-1" [_thread_blocked, id=29042, stack(0x8f0af000,0x8f100000)]
  0x8f302800 JavaThread "Low Memory Detector" daemon [_thread_blocked, id=29036, stack(0x8f40e000,0x8f45f000)]
  0x8f300800 JavaThread "CompilerThread1" daemon [_thread_blocked, id=29035, stack(0x8f45f000,0x8f4e0000)]
  0x08472400 JavaThread "CompilerThread0" daemon [_thread_blocked, id=29034, stack(0x8f4e0000,0x8f561000)]
  0x08470800 JavaThread "Signal Dispatcher" daemon [_thread_blocked, id=29033, stack(0x8f561000,0x8f5b2000)]
  0x0845d800 JavaThread "Finalizer" daemon [_thread_blocked, id=29032, stack(0x8f727000,0x8f778000)]
  0x0845c400 JavaThread "Reference Handler" daemon [_thread_blocked, id=29031, stack(0x8f778000,0x8f7c9000)]
  0x083de000 JavaThread "main" [_thread_blocked, id=29027, stack(0xb6a4c000,0xb6a9d000)]

Other Threads:
  0x08459800 VMThread [stack: 0x8f7c9000,0x8f84a000] [id=29030]
  0x8f304800 WatcherThread [stack: 0x8f27f000,0x8f300000] [id=29037]

VM state:not at safepoint (normal execution)

VM Mutex/Monitor currently owned by a thread: None

Heap
 PSYoungGen      total 151808K, used 88656K [0xa8fb0000, 0xb3900000, 0xb3900000)
  eden space 132864K, 62% used [0xa8fb0000,0xae114880,0xb1170000)
  from space 18944K, 28% used [0xb1170000,0xb169f930,0xb23f0000)
  to   space 18240K, 0% used [0xb2730000,0xb2730000,0xb3900000)
 PSOldGen        total 50176K, used 31400K [0x93d00000, 0x96e00000, 0xa8fb0000)
  object space 50176K, 62% used [0x93d00000,0x95baa238,0x96e00000)
 PSPermGen       total 56960K, used 56926K [0x8fd00000, 0x934a0000, 0x93d00000)
  object space 56960K, 99% used [0x8fd00000,0x93497b90,0x934a0000)

Dynamic libraries:
08048000-08052000 r-xp 00000000 fe:03 330757     /usr/lib/jvm/java-6-sun-1.6.0.22/jre/bin/java
08052000-08053000 rwxp 00009000 fe:03 330757     /usr/lib/jvm/java-6-sun-1.6.0.22/jre/bin/java
083d8000-09aa6000 rwxp 00000000 00:00 0          [heap]
8c700000-8c7dd000 rwxp 00000000 00:00 0 
8c7dd000-8c800000 ---p 00000000 00:00 0 
8c900000-8c9fc000 rwxp 00000000 00:00 0 
8c9fc000-8ca00000 ---p 00000000 00:00 0 
8ca00000-8cacf000 rwxp 00000000 00:00 0 
8cacf000-8cb00000 ---p 00000000 00:00 0 
8cb00000-8cbec000 rwxp 00000000 00:00 0 
8cbec000-8cc00000 ---p 00000000 00:00 0 
8cc00000-8ccf4000 rwxp 00000000 00:00 0 
8ccf4000-8cd00000 ---p 00000000 00:00 0 
8cd00000-8cdfa000 rwxp 00000000 00:00 0 
8cdfa000-8ce00000 ---p 00000000 00:00 0 
8cf00000-8cffa000 rwxp 00000000 00:00 0 
8cffa000-8d000000 ---p 00000000 00:00 0 
8d000000-8d0fe000 rwxp 00000000 00:00 0 
8d0fe000-8d100000 ---p 00000000 00:00 0 
8d100000-8d1fc000 rwxp 00000000 00:00 0 
8d1fc000-8d200000 ---p 00000000 00:00 0 
8d300000-8d3d6000 rwxp 00000000 00:00 0 
8d3d6000-8d400000 ---p 00000000 00:00 0 
8d400000-8d4fb000 rwxp 00000000 00:00 0 
8d4fb000-8d500000 ---p 00000000 00:00 0 
8d500000-8d5fe000 rwxp 00000000 00:00 0 
8d5fe000-8d600000 ---p 00000000 00:00 0 
8d600000-8d700000 rwxp 00000000 00:00 0 
8d700000-8d8fc000 rwxp 00000000 00:00 0 
8d8fc000-8d900000 ---p 00000000 00:00 0 
8d900000-8d9fd000 rwxp 00000000 00:00 0 
8d9fd000-8da00000 ---p 00000000 00:00 0 
8da00000-8dafa000 rwxp 00000000 00:00 0 
8dafa000-8db00000 ---p 00000000 00:00 0 
8db00000-8dbea000 rwxp 00000000 00:00 0 
8dbea000-8dc00000 ---p 00000000 00:00 0 
8dc00000-8dcfc000 rwxp 00000000 00:00 0 
8dcfc000-8dd00000 ---p 00000000 00:00 0 
8de00000-8defc000 rwxp 00000000 00:00 0 
8defc000-8df00000 ---p 00000000 00:00 0 
8df00000-8dffc000 rwxp 00000000 00:00 0 
8dffc000-8e000000 ---p 00000000 00:00 0 
8e000000-8e0e8000 rwxp 00000000 00:00 0 
8e0e8000-8e100000 ---p 00000000 00:00 0 
8e100000-8e1f7000 rwxp 00000000 00:00 0 
8e1f7000-8e200000 ---p 00000000 00:00 0 
8e200000-8e2ee000 rwxp 00000000 00:00 0 
8e2ee000-8e300000 ---p 00000000 00:00 0 
8e300000-8e3e1000 rwxp 00000000 00:00 0 
8e3e1000-8e400000 ---p 00000000 00:00 0 
8e400000-8e4f0000 rwxp 00000000 00:00 0 
8e4f0000-8e500000 ---p 00000000 00:00 0 
8e500000-8e5ec000 rwxp 00000000 00:00 0 
8e5ec000-8e600000 ---p 00000000 00:00 0 
8e600000-8e700000 rwxp 00000000 00:00 0 
8e755000-8e768000 r-xs 0010b000 fe:02 923800     /home/luc/.m2/repository/fr/certu/chouette/chouette-attic/1.5.0/chouette-attic-1.5.0.jar
8e768000-8e777000 r-xs 0008d000 fe:02 1020449    /home/luc/.m2/repository/fr/certu/chouette/schema/chouette-castor-amivif/1.5.0/chouette-castor-amivif-1.5.0.jar
8e777000-8e788000 r-xs 000a5000 fe:02 890960     /home/luc/.m2/repository/fr/certu/chouette/schema/chouette-castor-neptune/1.5.0/chouette-castor-neptune-1.5.0.jar
8e788000-8e78b000 r-xs 00017000 fe:02 890958     /home/luc/.m2/repository/fr/certu/chouette/schema/chouette-castor-altibus/1.5.0/chouette-castor-altibus-1.5.0.jar
8e78b000-8e78e000 ---p 00000000 00:00 0 
8e78e000-8e7dc000 rwxp 00000000 00:00 0 
8e7dc000-8e7e3000 r-xp 00000000 fe:03 308606     /usr/lib/jvm/java-6-sun-1.6.0.22/jre/lib/i386/libnio.so
8e7e3000-8e7e4000 rwxp 00006000 fe:03 308606     /usr/lib/jvm/java-6-sun-1.6.0.22/jre/lib/i386/libnio.so
8e7e4000-8e7f7000 r-xp 00000000 fe:03 308597     /usr/lib/jvm/java-6-sun-1.6.0.22/jre/lib/i386/libnet.so
8e7f7000-8e7f8000 rwxp 00013000 fe:03 308597     /usr/lib/jvm/java-6-sun-1.6.0.22/jre/lib/i386/libnet.so
8e7f8000-8e800000 r-xs 00115000 fe:03 271796     /usr/lib/jvm/java-6-sun-1.6.0.22/jre/lib/resources.jar
8e800000-8e8f7000 rwxp 00000000 00:00 0 
8e8f7000-8e900000 ---p 00000000 00:00 0 
8e901000-8e904000 r-xs 00029000 fe:02 2548624    /home/luc/.m2/repository/uk/ltd/getahead/dwr/1.1-beta-3/dwr-1.1-beta-3.jar
8e904000-8e906000 r-xs 0000e000 fe:02 2548563    /home/luc/.m2/repository/oro/oro/2.0.8/oro-2.0.8.jar
8e906000-8e908000 r-xs 00001000 fe:02 2539897    /home/luc/.m2/repository/org/apache/struts/struts2-junit-plugin/2.1.8.1/struts2-junit-plugin-2.1.8.1.jar
8e908000-8e90a000 r-xs 0000b000 fe:02 2539891    /home/luc/.m2/repository/org/apache/struts/struts2-json-plugin/2.1.8.1/struts2-json-plugin-2.1.8.1.jar
8e90a000-8e90c000 r-xs 0000d000 fe:02 2539861    /home/luc/.m2/repository/org/apache/struts/struts2-convention-plugin/2.1.8.1/struts2-convention-plugin-2.1.8.1.jar
8e90c000-8e911000 r-xs 0002b000 fe:02 2548540    /home/luc/.m2/repository/org/springframework/spring-web/2.5.6/spring-web-2.5.6.jar
8e911000-8e913000 r-xs 00003000 fe:02 2539945    /home/luc/.m2/repository/org/apache/struts/struts2-spring-plugin/2.1.8.1/struts2-spring-plugin-2.1.8.1.jar
8e913000-8e919000 r-xs 00027000 fe:02 2531882    /home/luc/.m2/repository/opensymphony/sitemesh/2.4.1/sitemesh-2.4.1.jar
8e919000-8e91b000 r-xs 00003000 fe:02 2539929    /home/luc/.m2/repository/org/apache/struts/struts2-sitemesh-plugin/2.1.8.1/struts2-sitemesh-plugin-2.1.8.1.jar
8e91b000-8e97a000 r-xs 00baa000 fe:03 282860     /usr/lib/jvm/java-6-sun-1.6.0.22/lib/tools.jar
8e97a000-8e97d000 r-xs 00013000 fe:02 2531597    /home/luc/.m2/repository/commons-io/commons-io/1.3.2/commons-io-1.3.2.jar
8e97d000-8e980000 r-xs 0000c000 fe:02 2531580    /home/luc/.m2/repository/commons-fileupload/commons-fileupload/1.2.1/commons-fileupload-1.2.1.jar
8e980000-8e98f000 r-xs 000c8000 fe:02 2548319    /home/luc/.m2/repository/org/freemarker/freemarker/2.3.15/freemarker-2.3.15.jar
8e98f000-8e992000 r-xs 00038000 fe:02 2531869    /home/luc/.m2/repository/ognl/ognl/2.7.3/ognl-2.7.3.jar
8e992000-8e995000 r-xs 0001b000 fe:02 2531809    /home/luc/.m2/repository/junit/junit/3.8.2/junit-3.8.2.jar
8e995000-8e99a000 r-xs 00028000 fe:02 2548515    /home/luc/.m2/repository/org/springframework/spring-test/2.5.6/spring-test-2.5.6.jar
8e99a000-8e9b3000 r-xs 00164000 fe:02 2531462    /home/luc/.m2/repository/com/opensymphony/xwork-core/2.1.6/xwork-core-2.1.6.jar
8e9b3000-8e9c2000 r-xs 000aa000 fe:02 2539880    /home/luc/.m2/repository/org/apache/struts/struts2-core/2.1.8.1/struts2-core-2.1.8.1.jar
8e9c2000-8e9c4000 r-xs 0000f000 fe:02 2531738    /home/luc/.m2/repository/javax/activation/activation/1.1.1/activation-1.1.1.jar
8e9c4000-8e9cb000 r-xs 00067000 fe:02 2531748    /home/luc/.m2/repository/javax/mail/mail/1.4.1/mail-1.4.1.jar
8e9cb000-8e9dd000 r-xs 000c9000 fe:02 2548644    /home/luc/.m2/repository/xerces/xercesImpl/2.4.0/xercesImpl-2.4.0.jar
8e9dd000-8e9e3000 r-xs 00068000 fe:02 2548596    /home/luc/.m2/repository/postgresql/postgresql/8.3-603.jdbc3/postgresql-8.3-603.jdbc3.jar
8e9e3000-8e9e5000 r-xs 00014000 fe:02 661749     /home/luc/.m2/repository/org/postgis/postgis-jdbc/1.1.6/postgis-jdbc-1.1.6.jar
8e9e5000-8e9ed000 r-xs 0008e000 fe:02 734842     /home/luc/.m2/repository/javassist/javassist/3.11.0.GA/javassist-3.11.0.GA.jar
8e9ed000-8e9fa000 r-xs 00086000 fe:02 596163     /home/luc/.m2/repository/com/vividsolutions/jts/1.10/jts-1.10.jar
8e9fa000-8e9fc000 r-xs 00001000 fe:02 2531771    /home/luc/.m2/repository/javax/transaction/jta/1.0.1B/jta-1.0.1B.jar
8e9fc000-8ea1f000 r-xs 00211000 fe:02 547708     /home/luc/.m2/repository/org/hibernate/hibernate-core/3.3.2.GA/hibernate-core-3.3.2.GA.jar
8ea1f000-8ea21000 r-xs 00011000 fe:02 547709     /home/luc/.m2/repository/org/hibernatespatial/hibernate-spatial/1.0/hibernate-spatial-1.0.jar
8ea21000-8ea27000 r-xs 0003f000 fe:02 2531404    /home/luc/.m2/repository/cglib/cglib/2.1_3/cglib-2.1_3.jar
8ea27000-8ea2d000 r-xs 00067000 fe:02 2531346    /home/luc/.m2/repository/antlr/antlr/2.7.6/antlr-2.7.6.jar
8ea2d000-8ea32000 r-xs 00048000 fe:02 2531683    /home/luc/.m2/repository/dom4j/dom4j/1.6.1/dom4j-1.6.1.jar
8ea32000-8ea34000 r-xs 00003000 fe:02 2531360    /home/luc/.m2/repository/asm/asm-attrs/1.5.3/asm-attrs-1.5.3.jar
8ea34000-8ea54000 r-xs 001f4000 fe:02 2548325    /home/luc/.m2/repository/org/hibernate/hibernate/3.2.0.ga/hibernate-3.2.0.ga.jar
8ea54000-8ea5b000 r-xs 00051000 fe:02 2531819    /home/luc/.m2/repository/log4j/log4j/1.2.13/log4j-1.2.13.jar
8ea5b000-8ea60000 r-xs 0002a000 fe:02 2531517    /home/luc/.m2/repository/commons-beanutils/commons-beanutils/1.7.0/commons-beanutils-1.7.0.jar
8ea60000-8ea6e000 r-xs 0010a000 fe:02 2531455    /home/luc/.m2/repository/com/lowagie/itext/1.3/itext-1.3.jar
8ea6e000-8ea7b000 r-xs 0007c000 fe:02 2531556    /home/luc/.m2/repository/commons-collections/commons-collections/3.1/commons-collections-3.1.jar
8ea7b000-8ea7f000 r-xs 00032000 fe:02 2531676    /home/luc/.m2/repository/displaytag/displaytag/1.2/displaytag-1.2.jar
8ea7f000-8ea87000 r-xs 0004a000 fe:02 2548493    /home/luc/.m2/repository/org/springframework/spring-jdbc/2.5.6/spring-jdbc-2.5.6.jar
8ea87000-8ea89000 r-xs 00026000 fe:02 2548207    /home/luc/.m2/repository/org/codehaus/plexus/plexus-utils/1.0.4/plexus-utils-1.0.4.jar
8ea89000-8ea8a000 r-xs 00002000 fe:02 742271     /home/luc/.m2/repository/org/hibernatespatial/hibernate-spatial-postgis/1.0/hibernate-spatial-postgis-1.0.jar
8ea8a000-8ea8d000 r-xs 0001a000 fe:02 2531855    /home/luc/.m2/repository/net/sf/ehcache/ehcache/1.2/ehcache-1.2.jar
8ea8d000-8ea8f000 r-xs 00000000 fe:02 2531862    /home/luc/.m2/repository/net/sf/opencsv/opencsv/1.7/opencsv-1.7.jar
8ea8f000-8ea98000 r-xs 00054000 fe:02 2548504    /home/luc/.m2/repository/org/springframework/spring-orm/2.5.6/spring-orm-2.5.6.jar
8ea98000-8eaa4000 r-xs 00069000 fe:02 2548467    /home/luc/.m2/repository/org/springframework/spring-context/2.5.6/spring-context-2.5.6.jar
8eaa4000-8eaab000 r-xs 00032000 fe:02 2548521    /home/luc/.m2/repository/org/springframework/spring-tx/2.5.6/spring-tx-2.5.6.jar
8eaab000-8eab5000 r-xs 0006e000 fe:02 2548450    /home/luc/.m2/repository/org/springframework/spring-beans/2.5.6/spring-beans-2.5.6.jar
8eab5000-8ead1000 r-xs 001b3000 fe:02 2531379    /home/luc/.m2/repository/aspectj/aspectjweaver/1.5.2/aspectjweaver-1.5.2.jar
8ead1000-8eae2000 r-xs 000a5000 fe:02 890960     /home/luc/.m2/repository/fr/certu/chouette/schema/chouette-castor-neptune/1.5.0/chouette-castor-neptune-1.5.0.jar
8eae2000-8eaf1000 r-xs 0008d000 fe:02 1020449    /home/luc/.m2/repository/fr/certu/chouette/schema/chouette-castor-amivif/1.5.0/chouette-castor-amivif-1.5.0.jar
8eaf1000-8eb00000 r-xs 000b5000 fe:02 2547812    /home/luc/.m2/repository/org/codehaus/castor/castor-xml/1.3.1/castor-xml-1.3.1.jar
8eb00000-8ebfd000 rwxp 00000000 00:00 0 
8ebfd000-8ec00000 ---p 00000000 00:00 0 
8ec00000-8ec01000 r-xs 00006000 fe:02 2531366    /home/luc/.m2/repository/asm/asm/1.5.3/asm-1.5.3.jar
8ec01000-8ec02000 r-xs 00003000 fe:02 2548408    /home/luc/.m2/repository/org/slf4j/slf4j-api/1.4.2/slf4j-api-1.4.2.jar
8ec02000-8ec08000 r-xs 00040000 fe:02 2548484    /home/luc/.m2/repository/org/springframework/spring-core/2.5.6/spring-core-2.5.6.jar
8ec08000-8ec0b000 r-xs 00017000 fe:02 890958     /home/luc/.m2/repository/fr/certu/chouette/schema/chouette-castor-altibus/1.5.0/chouette-castor-altibus-1.5.0.jar
8ec0b000-8ec1e000 r-xs 0010f000 fe:02 923800     /home/luc/.m2/repository/fr/certu/chouette/chouette-attic/1.5.0/chouette-attic-1.5.0.jar
8ec1e000-8ec2d000 r-xs 000ee000 fe:02 2314497    /home/luc/.m2/repository/ant/ant/1.6.5/ant-1.6.5.jar
8ec2d000-8ec3b000 r-xs 0018b000 fe:02 2290625    /home/luc/.m2/repository/org/eclipse/jdt/core/compiler/ecj/3.5.1/ecj-3.5.1.jar
8ec3b000-8ec5e000 r-xs 00344000 fe:02 2540108    /home/luc/.m2/repository/org/eclipse/jdt/core/3.1.1/core-3.1.1.jar
8ec5e000-8ec61000 ---p 00000000 00:00 0 
8ec61000-8ecaf000 rwxp 00000000 00:00 0 
8ecaf000-8ecb2000 ---p 00000000 00:00 0 
8ecb2000-8ed00000 rwxp 00000000 00:00 0 
8ed00000-8edf7000 rwxp 00000000 00:00 0 
8edf7000-8ee00000 ---p 00000000 00:00 0 
8ee00000-8ee02000 r-xs 00001000 fe:02 2548417    /home/luc/.m2/repository/org/slf4j/slf4j-log4j12/1.4.2/slf4j-log4j12-1.4.2.jar
8ee02000-8ee03000 r-xs 00003000 fe:02 2548402    /home/luc/.m2/repository/org/slf4j/jcl104-over-slf4j/1.4.2/jcl104-over-slf4j-1.4.2.jar
8ee03000-8ee05000 r-xs 00000000 fe:02 2531353    /home/luc/.m2/repository/aopalliance/aopalliance/1.0/aopalliance-1.0.jar
8ee05000-8ee0d000 r-xs 00048000 fe:02 2548431    /home/luc/.m2/repository/org/springframework/spring-aop/2.5.6/spring-aop-2.5.6.jar
8ee0d000-8ee10000 ---p 00000000 00:00 0 
8ee10000-8ee5e000 rwxp 00000000 00:00 0 
8ee5e000-8ee61000 ---p 00000000 00:00 0 
8ee61000-8eeaf000 rwxp 00000000 00:00 0 
8eeaf000-8eeb2000 ---p 00000000 00:00 0 
8eeb2000-8ef00000 rwxp 00000000 00:00 0 
8ef00000-8effe000 rwxp 00000000 00:00 0 
8effe000-8f000000 ---p 00000000 00:00 0 
8f000000-8f003000 r-xs 00013000 fe:02 1323802    /home/luc/.m2/repository/org/apache/commons/commons-io/1.3.2/commons-io-1.3.2.jar
8f003000-8f007000 r-xs 00038000 fe:02 2531614    /home/luc/.m2/repository/commons-lang/commons-lang/2.3/commons-lang-2.3.jar
8f007000-8f009000 r-xs 00008000 fe:02 2531634    /home/luc/.m2/repository/commons-logging/commons-logging/1.0.4/commons-logging-1.0.4.jar
8f009000-8f00b000 r-xs 0000c000 fe:02 2547795    /home/luc/.m2/repository/org/codehaus/castor/castor-core/1.3.1/castor-core-1.3.1.jar
8f00b000-8f00d000 r-xs 00003000 fe:02 1013046    /home/luc/.m2/repository/org/mortbay/jetty/start/6.1.26/start-6.1.26.jar
8f00d000-8f010000 ---p 00000000 00:00 0 
8f010000-8f05e000 rwxp 00000000 00:00 0 
8f05e000-8f061000 ---p 00000000 00:00 0 
8f061000-8f0af000 rwxp 00000000 00:00 0 
8f0af000-8f0b2000 ---p 00000000 00:00 0 
8f0b2000-8f100000 rwxp 00000000 00:00 0 
8f100000-8f1fa000 rwxp 00000000 00:00 0 
8f1fa000-8f200000 ---p 00000000 00:00 0 
8f200000-8f201000 r-xs 00002000 fe:02 2347534    /home/luc/.m2/repository/org/apache/geronimo/specs/geronimo-annotation_1.0_spec/1.0/geronimo-annotation_1.0_spec-1.0.jar
8f201000-8f203000 r-xs 00002000 fe:02 988097     /home/luc/.m2/repository/org/mortbay/jetty/jetty-annotations/6.1.26/jetty-annotations-6.1.26.jar
8f203000-8f214000 r-xs 000ea000 fe:02 1978732    /home/luc/.m2/repository/org/mortbay/jetty/jsp-2.1-glassfish/2.1.v20091210/jsp-2.1-glassfish-2.1.v20091210.jar
8f214000-8f218000 r-xs 0001e000 fe:02 890969     /home/luc/.m2/repository/org/mortbay/jetty/jsp-api-2.1-glassfish/2.1.v20091210/jsp-api-2.1-glassfish-2.1.v20091210.jar
8f218000-8f21a000 r-xs 00000000 fe:02 1896862    /home/luc/.m2/repository/org/mortbay/jetty/jsp-2.1-jetty/6.1.26/jsp-2.1-jetty-6.1.26.jar
8f21a000-8f21c000 r-xs 00007000 fe:02 890966     /home/luc/.m2/repository/org/mortbay/jetty/jetty-management/6.1.26/jetty-management-6.1.26.jar
8f21c000-8f222000 r-xs 00059000 fe:02 2142462    /home/luc/.m2/repository/javax/mail/mail/1.4/mail-1.4.jar
8f222000-8f223000 r-xs 00006000 fe:02 1939544    /home/luc/.m2/repository/org/mortbay/jetty/jetty-naming/6.1.26/jetty-naming-6.1.26.jar
8f223000-8f225000 r-xs 00002000 fe:02 1347899    /home/luc/.m2/repository/geronimo-spec/geronimo-spec-jta/1.0.1B-rc4/geronimo-spec-jta-1.0.1B-rc4.jar
8f225000-8f227000 r-xs 0000d000 fe:02 1914220    /home/luc/.m2/repository/org/mortbay/jetty/jetty-plus/6.1.26/jetty-plus-6.1.26.jar
8f227000-8f229000 r-xs 00004000 fe:02 1079206    /home/luc/.m2/repository/org/apache/maven/maven-plugin-tools-api/2.0/maven-plugin-tools-api-2.0.jar
8f229000-8f22d000 r-xs 00034000 fe:02 1315656    /home/luc/.m2/repository/org/codehaus/plexus/plexus-utils/1.5.15/plexus-utils-1.5.15.jar
8f22d000-8f22f000 r-xs 0001f000 fe:02 1874216    /home/luc/.m2/repository/org/mortbay/jetty/servlet-api/2.5-20081211/servlet-api-2.5-20081211.jar
8f22f000-8f233000 r-xs 00028000 fe:02 2556075    /home/luc/.m2/repository/org/mortbay/jetty/jetty-util/6.1.26/jetty-util-6.1.26.jar
8f233000-8f23a000 r-xs 0007d000 fe:02 718986     /home/luc/.m2/repository/org/mortbay/jetty/jetty/6.1.26/jetty-6.1.26.jar
8f23a000-8f23b000 r-xs 00003000 fe:02 2548054    /home/luc/.m2/repository/org/codehaus/plexus/plexus-compiler-javac/1.5.3/plexus-compiler-javac-1.5.3.jar
8f23b000-8f23d000 r-xs 00000000 fe:02 2548060    /home/luc/.m2/repository/org/codehaus/plexus/plexus-compiler-manager/1.5.3/plexus-compiler-manager-1.5.3.jar
8f23d000-8f23e000 r-xs 00004000 fe:02 2548048    /home/luc/.m2/repository/org/codehaus/plexus/plexus-compiler-api/1.5.3/plexus-compiler-api-1.5.3.jar
8f23e000-8f27f000 r-xs 0032d000 fe:03 36597      /usr/share/maven2/lib/maven-debian-uber.jar
8f27f000-8f280000 ---p 00000000 00:00 0 
8f280000-8f300000 rwxp 00000000 00:00 0 
8f300000-8f400000 rwxp 00000000 00:00 0 
8f400000-8f402000 r-xs 0000b000 fe:02 2548177    /home/luc/.m2/repository/org/codehaus/plexus/plexus-interpolation/1.6/plexus-interpolation-1.6.jar
8f402000-8f404000 r-xs 00007000 fe:02 2539597    /home/luc/.m2/repository/org/apache/maven/shared/maven-filtering/1.0-beta-2/maven-filtering-1.0-beta-2.jar
8f404000-8f409000 r-xs 00039000 fe:02 2548268    /home/luc/.m2/repository/org/codehaus/plexus/plexus-utils/1.5.6/plexus-utils-1.5.6.jar
8f409000-8f40b000 r-xs 00011000 fe:02 2532689    /home/luc/.m2/repository/org/apache/maven/plugins/maven-war-plugin/2.1-beta-1/maven-war-plugin-2.1-beta-1.jar
8f40b000-8f40d000 r-xs 00007000 fe:02 2547919    /home/luc/.m2/repository/org/codehaus/mojo/exec-maven-plugin/1.1.1/exec-maven-plugin-1.1.1.jar
8f40d000-8f40e000 r-xs 00003000 fe:02 2547967    /home/luc/.m2/repository/org/codehaus/mojo/properties-maven-plugin/1.0-alpha-2/properties-maven-plugin-1.0-alpha-2.jar
8f40e000-8f411000 ---p 00000000 00:00 0 
8f411000-8f45f000 rwxp 00000000 00:00 0 
8f45f000-8f462000 ---p 00000000 00:00 0 
8f462000-8f4e0000 rwxp 00000000 00:00 0 
8f4e0000-8f4e3000 ---p 00000000 00:00 0 
8f4e3000-8f561000 rwxp 00000000 00:00 0 
8f561000-8f564000 ---p 00000000 00:00 0 
8f564000-8f5b2000 rwxp 00000000 00:00 0 
8f5b2000-8f727000 r-xp 00000000 fe:03 194577     /usr/lib/locale/locale-archive
8f727000-8f72a000 ---p 00000000 00:00 0 
8f72a000-8f778000 rwxp 00000000 00:00 0 
8f778000-8f77b000 ---p 00000000 00:00 0 
8f77b000-8f7c9000 rwxp 00000000 00:00 0 
8f7c9000-8f7ca000 ---p 00000000 00:00 0 
8f7ca000-8f87d000 rwxp 00000000 00:00 0 
8f87d000-8fa15000 r-xs 03013000 fe:03 271797     /usr/lib/jvm/java-6-sun-1.6.0.22/jre/lib/rt.jar
8fa15000-8fa16000 ---p 00000000 00:00 0 
8fa16000-8fa96000 rwxp 00000000 00:00 0 
8fa96000-8fa97000 ---p 00000000 00:00 0 
8fa97000-8fb33000 rwxp 00000000 00:00 0 
8fb33000-8fb37000 rwxp 00000000 00:00 0 
8fb37000-8fb50000 rwxp 00000000 00:00 0 
8fb50000-8fbe1000 rwxp 00000000 00:00 0 
8fbe1000-8fbfd000 rwxp 00000000 00:00 0 
8fbfd000-8fc01000 rwxp 00000000 00:00 0 
8fc01000-8fc1a000 rwxp 00000000 00:00 0 
8fc1a000-8fcaa000 rwxp 00000000 00:00 0 
8fcaa000-8fcff000 rwxp 00000000 00:00 0 
8fcff000-934a0000 rwxp 00000000 00:00 0 
934a0000-93d00000 rwxp 00000000 00:00 0 
93d00000-96e00000 rwxp 00000000 00:00 0 
96e00000-a8fb0000 rwxp 00000000 00:00 0 
a8fb0000-b3900000 rwxp 00000000 00:00 0 
b3900000-b3918000 rwxp 00000000 00:00 0 
b3918000-b39c0000 rwxp 00000000 00:00 0 
b39c0000-b3fb8000 rwxp 00000000 00:00 0 
b3fb8000-b69c0000 rwxp 00000000 00:00 0 
b69c0000-b69cf000 r-xp 00000000 fe:03 308590     /usr/lib/jvm/java-6-sun-1.6.0.22/jre/lib/i386/libzip.so
b69cf000-b69d1000 rwxp 0000e000 fe:03 308590     /usr/lib/jvm/java-6-sun-1.6.0.22/jre/lib/i386/libzip.so
b69d1000-b69db000 r-xp 00000000 fe:00 35163      /lib/i686/cmov/libnss_files-2.11.2.so
b69db000-b69dc000 r-xp 00009000 fe:00 35163      /lib/i686/cmov/libnss_files-2.11.2.so
b69dc000-b69dd000 rwxp 0000a000 fe:00 35163      /lib/i686/cmov/libnss_files-2.11.2.so
b69dd000-b69e5000 r-xp 00000000 fe:00 35152      /lib/i686/cmov/libnss_nis-2.11.2.so
b69e5000-b69e6000 r-xp 00008000 fe:00 35152      /lib/i686/cmov/libnss_nis-2.11.2.so
b69e6000-b69e7000 rwxp 00009000 fe:00 35152      /lib/i686/cmov/libnss_nis-2.11.2.so
b69e7000-b69ed000 r-xp 00000000 fe:00 35148      /lib/i686/cmov/libnss_compat-2.11.2.so
b69ed000-b69ee000 r-xp 00006000 fe:00 35148      /lib/i686/cmov/libnss_compat-2.11.2.so
b69ee000-b69ef000 rwxp 00007000 fe:00 35148      /lib/i686/cmov/libnss_compat-2.11.2.so
b69ef000-b6a02000 r-xp 00000000 fe:00 35164      /lib/i686/cmov/libnsl-2.11.2.so
b6a02000-b6a03000 r-xp 00012000 fe:00 35164      /lib/i686/cmov/libnsl-2.11.2.so
b6a03000-b6a04000 rwxp 00013000 fe:00 35164      /lib/i686/cmov/libnsl-2.11.2.so
b6a04000-b6a06000 rwxp 00000000 00:00 0 
b6a06000-b6a0a000 r-xs 0002f000 fe:02 2532506    /home/luc/.m2/repository/org/apache/maven/plugins/maven-assembly-plugin/2.2-beta-4/maven-assembly-plugin-2.2-beta-4.jar
b6a0a000-b6a0c000 r-xs 00033000 fe:02 1323582    /home/luc/.m2/repository/org/apache/maven/plugins/maven-javadoc-plugin/2.6.1/maven-javadoc-plugin-2.6.1.jar
b6a0c000-b6a0e000 r-xs 00004000 fe:02 2532632    /home/luc/.m2/repository/org/apache/maven/plugins/maven-resources-plugin/2.3/maven-resources-plugin-2.3.jar
b6a0e000-b6a13000 r-xs 0006f000 fe:02 2548601    /home/luc/.m2/repository/postgresql/postgresql/8.3-603.jdbc4/postgresql-8.3-603.jdbc4.jar
b6a13000-b6a15000 r-xs 0000a000 fe:02 793782     /home/luc/.m2/repository/org/mortbay/jetty/maven-jetty-plugin/6.1.26/maven-jetty-plugin-6.1.26.jar
b6a15000-b6a16000 r-xs 00004000 fe:02 2532526    /home/luc/.m2/repository/org/apache/maven/plugins/maven-compiler-plugin/2.0.2/maven-compiler-plugin-2.0.2.jar
b6a16000-b6a1e000 rwxs 00000000 fe:04 22855      /tmp/hsperfdata_luc/29025
b6a1e000-b6a41000 r-xp 00000000 fe:03 308621     /usr/lib/jvm/java-6-sun-1.6.0.22/jre/lib/i386/libjava.so
b6a41000-b6a43000 rwxp 00023000 fe:03 308621     /usr/lib/jvm/java-6-sun-1.6.0.22/jre/lib/i386/libjava.so
b6a43000-b6a4a000 r-xp 00000000 fe:00 35155      /lib/i686/cmov/librt-2.11.2.so
b6a4a000-b6a4b000 r-xp 00006000 fe:00 35155      /lib/i686/cmov/librt-2.11.2.so
b6a4b000-b6a4c000 rwxp 00007000 fe:00 35155      /lib/i686/cmov/librt-2.11.2.so
b6a4c000-b6a4f000 ---p 00000000 00:00 0 
b6a4f000-b6a9d000 rwxp 00000000 00:00 0 
b6a9d000-b6ac1000 r-xp 00000000 fe:00 35149      /lib/i686/cmov/libm-2.11.2.so
b6ac1000-b6ac2000 r-xp 00023000 fe:00 35149      /lib/i686/cmov/libm-2.11.2.so
b6ac2000-b6ac3000 rwxp 00024000 fe:00 35149      /lib/i686/cmov/libm-2.11.2.so
b6ac3000-b71ef000 r-xp 00000000 fe:03 308576     /usr/lib/jvm/java-6-sun-1.6.0.22/jre/lib/i386/server/libjvm.so
b71ef000-b7242000 rwxp 0072c000 fe:03 308576     /usr/lib/jvm/java-6-sun-1.6.0.22/jre/lib/i386/server/libjvm.so
b7242000-b7662000 rwxp 00000000 00:00 0 
b7662000-b77a2000 r-xp 00000000 fe:00 35165      /lib/i686/cmov/libc-2.11.2.so
b77a2000-b77a4000 r-xp 0013f000 fe:00 35165      /lib/i686/cmov/libc-2.11.2.so
b77a4000-b77a5000 rwxp 00141000 fe:00 35165      /lib/i686/cmov/libc-2.11.2.so
b77a5000-b77a8000 rwxp 00000000 00:00 0 
b77a8000-b77aa000 r-xp 00000000 fe:00 35157      /lib/i686/cmov/libdl-2.11.2.so
b77aa000-b77ab000 r-xp 00001000 fe:00 35157      /lib/i686/cmov/libdl-2.11.2.so
b77ab000-b77ac000 rwxp 00002000 fe:00 35157      /lib/i686/cmov/libdl-2.11.2.so
b77ac000-b77b3000 r-xp 00000000 fe:03 308600     /usr/lib/jvm/java-6-sun-1.6.0.22/jre/lib/i386/jli/libjli.so
b77b3000-b77b5000 rwxp 00006000 fe:03 308600     /usr/lib/jvm/java-6-sun-1.6.0.22/jre/lib/i386/jli/libjli.so
b77b5000-b77b6000 rwxp 00000000 00:00 0 
b77b6000-b77cb000 r-xp 00000000 fe:00 35154      /lib/i686/cmov/libpthread-2.11.2.so
b77cb000-b77cc000 r-xp 00014000 fe:00 35154      /lib/i686/cmov/libpthread-2.11.2.so
b77cc000-b77cd000 rwxp 00015000 fe:00 35154      /lib/i686/cmov/libpthread-2.11.2.so
b77cd000-b77cf000 rwxp 00000000 00:00 0 
b77cf000-b77d0000 r-xp 00000000 00:00 0 
b77d0000-b77d2000 r-xs 00008000 fe:03 383460     /usr/share/java/classworlds-1.1-final.jar
b77d2000-b77d8000 r-xp 00000000 fe:03 308613     /usr/lib/jvm/java-6-sun-1.6.0.22/jre/lib/i386/native_threads/libhpi.so
b77d8000-b77d9000 rwxp 00006000 fe:03 308613     /usr/lib/jvm/java-6-sun-1.6.0.22/jre/lib/i386/native_threads/libhpi.so
b77d9000-b77da000 rwxp 00000000 00:00 0 
b77da000-b77db000 r-xp 00000000 00:00 0 
b77db000-b77e6000 r-xp 00000000 fe:03 308625     /usr/lib/jvm/java-6-sun-1.6.0.22/jre/lib/i386/libverify.so
b77e6000-b77e7000 rwxp 0000b000 fe:03 308625     /usr/lib/jvm/java-6-sun-1.6.0.22/jre/lib/i386/libverify.so
b77e7000-b77e9000 rwxp 00000000 00:00 0 
b77e9000-b77ea000 r-xp 00000000 00:00 0          [vdso]
b77ea000-b7805000 r-xp 00000000 fe:00 24599      /lib/ld-2.11.2.so
b7805000-b7806000 r-xp 0001a000 fe:00 24599      /lib/ld-2.11.2.so
b7806000-b7807000 rwxp 0001b000 fe:00 24599      /lib/ld-2.11.2.so
bfeef000-bff04000 rwxp 00000000 00:00 0          [stack]

VM Arguments:
jvm_args: -Dclassworlds.conf=/usr/share/maven2/bin/m2.conf -Dmaven.home=/usr/share/maven2 
java_command: org.codehaus.classworlds.Launcher "jetty:run"
Launcher Type: SUN_STANDARD

Environment Variables:
JAVA_HOME=/usr/lib/jvm/java-6-sun
PATH=/usr/lib/jvm/java-6-sun/bin:/usr/local/bin:/usr/bin:/bin:/usr/games:/var/lib/gems/1.8/bin:/home/luc/.bundle/ruby/1.8/bin:/home/luc/.bundle/ruby/1.8/bin/:/usr/lib/firefox:/usr/bin/google-chrome
USERNAME=luc
LD_LIBRARY_PATH=/usr/lib/jvm/java-6-sun-1.6.0.22/jre/lib/i386/server:/usr/lib/jvm/java-6-sun-1.6.0.22/jre/lib/i386:/usr/lib/jvm/java-6-sun-1.6.0.22/jre/../lib/i386
SHELL=/bin/bash
DISPLAY=:0.0

Signal Handlers:
SIGSEGV: [libjvm.so+0x6a9f20], sa_mask[0]=0x7ffbfeff, sa_flags=0x10000004
SIGBUS: [libjvm.so+0x6a9f20], sa_mask[0]=0x7ffbfeff, sa_flags=0x10000004
SIGFPE: [libjvm.so+0x5781e0], sa_mask[0]=0x7ffbfeff, sa_flags=0x10000004
SIGPIPE: [libjvm.so+0x5781e0], sa_mask[0]=0x7ffbfeff, sa_flags=0x10000004
SIGXFSZ: [libjvm.so+0x5781e0], sa_mask[0]=0x7ffbfeff, sa_flags=0x10000004
SIGILL: [libjvm.so+0x5781e0], sa_mask[0]=0x7ffbfeff, sa_flags=0x10000004
SIGUSR1: SIG_DFL, sa_mask[0]=0x00000000, sa_flags=0x00000000
SIGUSR2: [libjvm.so+0x57ae20], sa_mask[0]=0x00000000, sa_flags=0x10000004
SIGHUP: [libjvm.so+0x57ab50], sa_mask[0]=0x7ffbfeff, sa_flags=0x10000004
SIGINT: [libjvm.so+0x57ab50], sa_mask[0]=0x7ffbfeff, sa_flags=0x10000004
SIGTERM: [libjvm.so+0x57ab50], sa_mask[0]=0x7ffbfeff, sa_flags=0x10000004
SIGQUIT: [libjvm.so+0x57ab50], sa_mask[0]=0x7ffbfeff, sa_flags=0x10000004


---------------  S Y S T E M  ---------------

OS:6.0

uname:Linux 2.6.32-5-686 #1 SMP Fri Dec 10 16:12:40 UTC 2010 i686
libc:glibc 2.11.2 NPTL 2.11.2 
rlimit: STACK 8192k, CORE 0k, NPROC infinity, NOFILE 1024, AS infinity
load average:5.30 2.83 1.61

CPU:total 2 (2 cores per cpu, 1 threads per core) family 6 model 15 stepping 6, cmov, cx8, fxsr, mmx, sse, sse2, sse3, ssse3

Memory: 4k page, physical 2073368k(63128k free), swap 1949688k(853656k free)

vm_info: Java HotSpot(TM) Server VM (17.1-b03) for linux-x86 JRE (1.6.0_22-b04), built on Sep 15 2010 01:02:09 by "java_re" with gcc 3.2.1-7a (J2SE release)

time: Tue Dec 21 15:28:20 2010
elapsed time: 1626 seconds

